
============== Mon May  3 08:39:21 CST 2021 ============

============== Mon May  3 09:20:35 CST 2021 ============

============== Mon May  3 09:23:17 CST 2021 ============

============== Mon May  3 09:46:01 CST 2021 ============

============== Mon May  3 09:53:50 CST 2021 ============

============== Mon May  3 09:57:36 CST 2021 ============

============== Mon May  3 10:01:36 CST 2021 ============

============== Mon May  3 10:08:20 CST 2021 ============

============== Mon May  3 10:15:02 CST 2021 ============

============== Mon May  3 10:17:50 CST 2021 ============

============== Mon May  3 10:21:45 CST 2021 ============

============== Mon May  3 10:27:56 CST 2021 ============

============== Mon May  3 10:40:00 CST 2021 ============

============== Mon May  3 10:41:25 CST 2021 ============

============== Mon May  3 11:40:05 CST 2021 ============

============== Tue May  4 01:20:35 CST 2021 ============

============== Tue May  4 18:21:01 CST 2021 ============

============== Tue May  4 21:59:15 CST 2021 ============

============== Tue May  4 22:00:16 CST 2021 ============

============== Tue May  4 22:14:29 CST 2021 ============

============== Wed May  5 12:33:45 CST 2021 ============

============== Thu May  6 20:51:18 CST 2021 ============

============== Fri May  7 15:52:27 CST 2021 ============

============== Sun May  9 02:21:35 CST 2021 ============

============== Sun May  9 11:03:41 CST 2021 ============

============== Sun May  9 11:07:37 CST 2021 ============

============== Sun May  9 11:09:20 CST 2021 ============

============== Sun May  9 11:10:57 CST 2021 ============

============== Sun May  9 11:13:12 CST 2021 ============

============== Sun May  9 11:17:02 CST 2021 ============

============== Sun May  9 11:18:28 CST 2021 ============

============== Wed May 12 21:50:15 CST 2021 ============

============== Wed May 12 21:59:22 CST 2021 ============
